-------------------------------------------------------------------------------
Test set: Runner.TestRunner
-------------------------------------------------------------------------------
Tests run: 1, Failures: 0, Errors: 1, Skipped: 0, Time elapsed: 0.248 s <<< FAILURE! - in Runner.TestRunner
initializationError(Runner.TestRunner)  Time elapsed: 0.009 s  <<< ERROR!
java.lang.IllegalArgumentException: path must exist: /Users/ganesan/eclipse-workspace/BDDframework/\Users\ganesan\eclipse-workspace\BDDframework\src\test\java\Features\Login.Feature

